c:\users\ivo-9\desktop\cgprakt6.1\cgvstudio\cgvstudio\debug\vc143.pdb
c:\users\ivo-9\desktop\cgprakt6.1\cgvstudio\cgvstudio\debug\vc143.idb
c:\users\ivo-9\desktop\cgprakt6.1\cgvstudio\cgvstudio\debug\texture.obj
c:\users\ivo-9\desktop\cgprakt6.1\cgvstudio\cgvstudio\debug\shadowmapgenerator.obj
c:\users\ivo-9\desktop\cgprakt6.1\cgvstudio\cgvstudio\debug\rgbimage.obj
c:\users\ivo-9\desktop\cgprakt6.1\cgvstudio\cgvstudio\debug\phongshader.obj
c:\users\ivo-9\desktop\cgprakt6.1\cgvstudio\cgvstudio\debug\model.obj
c:\users\ivo-9\desktop\cgprakt6.1\cgvstudio\cgvstudio\debug\matrix.obj
c:\users\ivo-9\desktop\cgprakt6.1\cgvstudio\cgvstudio\debug\main.obj
c:\users\ivo-9\desktop\cgprakt6.1\cgvstudio\cgvstudio\debug\lineplanemodel.obj
c:\users\ivo-9\desktop\cgprakt6.1\cgvstudio\cgvstudio\debug\lineboxmodel.obj
c:\users\ivo-9\desktop\cgprakt6.1\cgvstudio\cgvstudio\debug\lights.obj
c:\users\ivo-9\desktop\cgprakt6.1\cgvstudio\cgvstudio\debug\shaderlightmapper.obj
c:\users\ivo-9\desktop\cgprakt6.1\cgvstudio\cgvstudio\debug\indexbuffer.obj
c:\users\ivo-9\desktop\cgprakt6.1\cgvstudio\cgvstudio\debug\framebuffer.obj
c:\users\ivo-9\desktop\cgprakt6.1\cgvstudio\cgvstudio\debug\constantshader.obj
c:\users\ivo-9\desktop\cgprakt6.1\cgvstudio\cgvstudio\debug\color.obj
c:\users\ivo-9\desktop\cgprakt6.1\cgvstudio\cgvstudio\debug\camera.obj
c:\users\ivo-9\desktop\cgprakt6.1\cgvstudio\cgvstudio\debug\baseshader.obj
c:\users\ivo-9\desktop\cgprakt6.1\cgvstudio\cgvstudio\debug\basemodel.obj
c:\users\ivo-9\desktop\cgprakt6.1\cgvstudio\cgvstudio\debug\application.obj
c:\users\ivo-9\desktop\cgprakt6.1\cgvstudio\cgvstudio\debug\aabb.obj
c:\users\ivo-9\desktop\cgprakt6.1\cgvstudio\cgvstudio\debug\vertexbuffer.obj
c:\users\ivo-9\desktop\cgprakt6.1\cgvstudio\cgvstudio\debug\vector.obj
c:\users\ivo-9\desktop\cgprakt6.1\cgvstudio\cgvstudio\debug\trianglespheremodel.obj
c:\users\ivo-9\desktop\cgprakt6.1\cgvstudio\cgvstudio\debug\triangleplanemodel.obj
c:\users\ivo-9\desktop\cgprakt6.1\cgvstudio\cgvstudio\debug\triangleboxmodel.obj
c:\users\ivo-9\desktop\cgprakt6.1\cgvstudio\debug\cgvstudio.exe
c:\users\ivo-9\desktop\cgprakt6.1\cgvstudio\cgvstudio\debug\cgvstudio.ilk
c:\users\ivo-9\desktop\cgprakt6.1\cgvstudio\debug\cgvstudio.pdb
c:\users\ivo-9\desktop\cgprakt6.1\cgvstudio\cgvstudio\debug\cgvstudio.tlog\cl.command.1.tlog
c:\users\ivo-9\desktop\cgprakt6.1\cgvstudio\cgvstudio\debug\cgvstudio.tlog\cl.items.tlog
c:\users\ivo-9\desktop\cgprakt6.1\cgvstudio\cgvstudio\debug\cgvstudio.tlog\cl.read.1.tlog
c:\users\ivo-9\desktop\cgprakt6.1\cgvstudio\cgvstudio\debug\cgvstudio.tlog\cl.write.1.tlog
c:\users\ivo-9\desktop\cgprakt6.1\cgvstudio\cgvstudio\debug\cgvstudio.tlog\link.command.1.tlog
c:\users\ivo-9\desktop\cgprakt6.1\cgvstudio\cgvstudio\debug\cgvstudio.tlog\link.read.1.tlog
c:\users\ivo-9\desktop\cgprakt6.1\cgvstudio\cgvstudio\debug\cgvstudio.tlog\link.write.1.tlog
