c:\users\ivo-9\desktop\cgprakt6.1\cgvstudio\cgvstudio\release\vc143.pdb
c:\users\ivo-9\desktop\cgprakt6.1\cgvstudio\cgvstudio\release\texture.obj
c:\users\ivo-9\desktop\cgprakt6.1\cgvstudio\cgvstudio\release\shadowmapgenerator.obj
c:\users\ivo-9\desktop\cgprakt6.1\cgvstudio\cgvstudio\release\rgbimage.obj
c:\users\ivo-9\desktop\cgprakt6.1\cgvstudio\cgvstudio\release\phongshader.obj
c:\users\ivo-9\desktop\cgprakt6.1\cgvstudio\cgvstudio\release\model.obj
c:\users\ivo-9\desktop\cgprakt6.1\cgvstudio\cgvstudio\release\matrix.obj
c:\users\ivo-9\desktop\cgprakt6.1\cgvstudio\cgvstudio\release\main.obj
c:\users\ivo-9\desktop\cgprakt6.1\cgvstudio\cgvstudio\release\lineplanemodel.obj
c:\users\ivo-9\desktop\cgprakt6.1\cgvstudio\cgvstudio\release\lineboxmodel.obj
c:\users\ivo-9\desktop\cgprakt6.1\cgvstudio\cgvstudio\release\lights.obj
c:\users\ivo-9\desktop\cgprakt6.1\cgvstudio\cgvstudio\release\shaderlightmapper.obj
c:\users\ivo-9\desktop\cgprakt6.1\cgvstudio\cgvstudio\release\indexbuffer.obj
c:\users\ivo-9\desktop\cgprakt6.1\cgvstudio\cgvstudio\release\framebuffer.obj
c:\users\ivo-9\desktop\cgprakt6.1\cgvstudio\cgvstudio\release\constantshader.obj
c:\users\ivo-9\desktop\cgprakt6.1\cgvstudio\cgvstudio\release\color.obj
c:\users\ivo-9\desktop\cgprakt6.1\cgvstudio\cgvstudio\release\camera.obj
c:\users\ivo-9\desktop\cgprakt6.1\cgvstudio\cgvstudio\release\baseshader.obj
c:\users\ivo-9\desktop\cgprakt6.1\cgvstudio\cgvstudio\release\basemodel.obj
c:\users\ivo-9\desktop\cgprakt6.1\cgvstudio\cgvstudio\release\application.obj
c:\users\ivo-9\desktop\cgprakt6.1\cgvstudio\cgvstudio\release\aabb.obj
c:\users\ivo-9\desktop\cgprakt6.1\cgvstudio\cgvstudio\release\vertexbuffer.obj
c:\users\ivo-9\desktop\cgprakt6.1\cgvstudio\cgvstudio\release\vector.obj
c:\users\ivo-9\desktop\cgprakt6.1\cgvstudio\cgvstudio\release\trianglespheremodel.obj
c:\users\ivo-9\desktop\cgprakt6.1\cgvstudio\cgvstudio\release\triangleplanemodel.obj
c:\users\ivo-9\desktop\cgprakt6.1\cgvstudio\cgvstudio\release\triangleboxmodel.obj
c:\users\ivo-9\desktop\cgprakt6.1\cgvstudio\release\cgvstudio.exe
c:\users\ivo-9\desktop\cgprakt6.1\cgvstudio\cgvstudio\release\cgvstudio.ipdb
c:\users\ivo-9\desktop\cgprakt6.1\cgvstudio\cgvstudio\release\cgvstudio.iobj
c:\users\ivo-9\desktop\cgprakt6.1\cgvstudio\release\cgvstudio.pdb
c:\users\ivo-9\desktop\cgprakt6.1\cgvstudio\cgvstudio\release\cgvstudio.tlog\cl.command.1.tlog
c:\users\ivo-9\desktop\cgprakt6.1\cgvstudio\cgvstudio\release\cgvstudio.tlog\cl.items.tlog
c:\users\ivo-9\desktop\cgprakt6.1\cgvstudio\cgvstudio\release\cgvstudio.tlog\cl.read.1.tlog
c:\users\ivo-9\desktop\cgprakt6.1\cgvstudio\cgvstudio\release\cgvstudio.tlog\cl.write.1.tlog
c:\users\ivo-9\desktop\cgprakt6.1\cgvstudio\cgvstudio\release\cgvstudio.tlog\link.command.1.tlog
c:\users\ivo-9\desktop\cgprakt6.1\cgvstudio\cgvstudio\release\cgvstudio.tlog\link.read.1.tlog
c:\users\ivo-9\desktop\cgprakt6.1\cgvstudio\cgvstudio\release\cgvstudio.tlog\link.write.1.tlog
